<?xml version="1.0" encoding="UTF-8"?>
<testng-results skipped="0" failed="0" ignored="0" total="1" passed="1">
  <reporter-output>
  </reporter-output>
  <suite name="Default suite" duration-ms="29726" started-at="2020-05-12T12:04:24 WET" finished-at="2020-05-12T12:04:54 WET">
    <groups>
    </groups>
    <test name="Default test" duration-ms="29726" started-at="2020-05-12T12:04:24 WET" finished-at="2020-05-12T12:04:54 WET">
      <class name="test.sample.Creationcompte">
        <test-method status="PASS" signature="login()[pri:0, instance:test.sample.Creationcompte@80169cf]" name="login" duration-ms="29643" started-at="2020-05-12T12:04:24 WET" finished-at="2020-05-12T12:04:54 WET">
          <reporter-output>
          </reporter-output>
        </test-method> <!-- login -->
      </class> <!-- test.sample.Creationcompte -->
    </test> <!-- Default test -->
  </suite> <!-- Default suite -->
</testng-results>
